SF:C:\Users\AGX\Desktop\AGX\AGX-deno-express\base\BaseRepository.ts
FN:10,<instance_members_initializer>
FN:12,BaseRepository
FN:16,findMany
FN:22,findOne
FN:28,findById
FN:34,insertOne
FN:38,updateById
FN:42,updateOne
FN:46,deleteOne
FN:50,aggregate
FN:54,paginate
FNDA:0,<instance_members_initializer>
FNDA:0,BaseRepository
FNDA:0,findMany
FNDA:0,findOne
FNDA:0,findById
FNDA:0,insertOne
FNDA:0,updateById
FNDA:0,updateOne
FNDA:0,deleteOne
FNDA:0,aggregate
FNDA:0,paginate
FNF:11
FNH:0
BRF:0
BRH:0
DA:4,4
DA:10,0
DA:12,0
DA:13,0
DA:14,0
DA:16,0
DA:17,0
DA:19,0
DA:20,0
DA:22,0
DA:23,0
DA:25,0
DA:26,0
DA:28,0
DA:29,0
DA:31,0
DA:32,0
DA:34,0
DA:35,0
DA:36,0
DA:38,0
DA:39,0
DA:40,0
DA:42,0
DA:43,0
DA:44,0
DA:46,0
DA:47,0
DA:48,0
DA:50,0
DA:51,0
DA:52,0
DA:54,0
DA:55,0
DA:56,0
DA:57,4
LH:2
LF:36
end_of_record
SF:C:\Users\AGX\Desktop\AGX\AGX-deno-express\base\BaseRules.ts
FN:11,<instance_members_initializer>
FN:13,BaseRules
FN:17,validate
FNDA:4,<instance_members_initializer>
FNDA:4,BaseRules
FNDA:27,validate
FNF:3
FNH:3
BRDA:21,3,0,4
BRDA:21,3,1,4
BRDA:24,3,2,4
BRDA:28,3,3,0
BRF:4
BRH:3
DA:1,4
DA:2,4
DA:10,4
DA:11,4
DA:13,8
DA:14,12
DA:15,12
DA:17,8
DA:18,35
DA:19,35
DA:21,35
DA:22,39
DA:23,39
DA:24,35
DA:25,39
DA:26,39
DA:27,39
DA:28,0
DA:29,39
DA:30,39
DA:31,39
DA:32,39
DA:33,4
DA:34,4
LH:23
LF:24
end_of_record
SF:C:\Users\AGX\Desktop\AGX\AGX-deno-express\base\BaseSchema.ts
FN:4,<instance_members_initializer>
FN:7,BaseSchema
FNDA:5,<instance_members_initializer>
FNDA:5,BaseSchema
FNF:2
FNH:2
BRF:0
BRH:0
DA:1,4
DA:3,4
DA:4,4
DA:5,4
DA:7,4
DA:8,4
DA:9,4
DA:10,4
DA:11,9
DA:13,9
DA:14,9
DA:15,9
DA:16,9
DA:17,9
DA:18,9
DA:20,9
DA:21,9
DA:22,9
DA:24,9
DA:25,9
DA:26,9
DA:28,9
DA:29,9
DA:31,9
DA:32,4
LH:25
LF:25
end_of_record
SF:C:\Users\AGX\Desktop\AGX\AGX-deno-express\database\Database.ts
FN:11,<instance_members_initializer>
FN:16,Database
FN:26,validate
FN:41,get connectionString
FN:46,connect
FNDA:4,<instance_members_initializer>
FNDA:4,Database
FNDA:4,validate
FNDA:4,get connectionString
FNDA:4,connect
FNF:5
FNH:5
BRDA:27,3,0,0
BRDA:30,3,1,0
BRDA:33,3,2,0
BRDA:36,3,3,0
BRDA:51,5,0,0
BRF:5
BRH:0
DA:1,4
DA:2,4
DA:10,4
DA:11,4
DA:12,8
DA:13,8
DA:14,8
DA:16,8
DA:17,8
DA:18,8
DA:19,12
DA:20,12
DA:21,12
DA:22,12
DA:23,12
DA:24,12
DA:26,8
DA:27,0
DA:28,0
DA:29,0
DA:30,0
DA:31,0
DA:32,0
DA:33,0
DA:34,0
DA:35,0
DA:36,0
DA:37,0
DA:38,0
DA:39,4
DA:41,4
DA:42,8
DA:43,8
DA:44,8
DA:46,4
DA:47,8
DA:48,8
DA:50,8
DA:51,0
DA:52,0
DA:53,0
DA:54,8
DA:55,4
LH:28
LF:43
end_of_record
SF:C:\Users\AGX\Desktop\AGX\AGX-deno-express\database\db\BanksDB.ts
FNF:0
FNH:0
BRF:0
BRH:0
DA:1,4
DA:3,4
DA:4,4
DA:5,4
DA:6,4
DA:7,4
DA:9,4
DA:11,4
DA:13,4
LH:9
LF:9
end_of_record
SF:C:\Users\AGX\Desktop\AGX\AGX-deno-express\features\__mocks__\CreateTransferServiceMock.ts
FN:14,<instance_members_initializer>
FN:15,CreateTransferServiceMock
FN:20,execute
FNDA:9,<instance_members_initializer>
FNDA:9,CreateTransferServiceMock
FNDA:4,execute
FNF:3
FNH:3
BRDA:54,3,0,1
BRDA:54,3,1,3
BRDA:56,3,2,1
BRDA:56,3,3,2
BRDA:61,3,4,1
BRDA:63,3,5,0
BRDA:63,3,6,1
BRDA:84,3,7,0
BRF:8
BRH:6
DA:1,1
DA:14,1
DA:15,1
DA:16,11
DA:17,11
DA:18,11
DA:20,1
DA:21,1
DA:22,1
DA:23,1
DA:24,1
DA:25,1
DA:26,1
DA:27,5
DA:28,25
DA:29,5
DA:30,5
DA:31,5
DA:32,5
DA:33,5
DA:34,5
DA:36,5
DA:37,25
DA:38,5
DA:39,5
DA:40,5
DA:41,5
DA:42,5
DA:43,5
DA:44,5
DA:46,5
DA:47,5
DA:48,5
DA:49,5
DA:50,5
DA:51,5
DA:52,5
DA:54,5
DA:56,5
DA:58,7
DA:59,7
DA:61,5
DA:63,0
DA:65,6
DA:66,6
DA:67,6
DA:68,6
DA:69,18
DA:70,30
DA:72,6
DA:73,18
DA:74,30
DA:76,6
DA:77,6
DA:78,6
DA:79,6
DA:80,6
DA:81,6
DA:82,6
DA:84,0
DA:85,0
DA:86,0
DA:87,0
DA:88,5
DA:89,1
LH:60
LF:65
end_of_record
SF:C:\Users\AGX\Desktop\AGX\AGX-deno-express\features\__mocks__\TransferRepositoryMock.ts
FN:18,<instance_members_initializer>
FN:45,findMany
FN:57,insertOne
FN:61,updateById
FN:69,aggregate
FNDA:9,<instance_members_initializer>
FNDA:2,findMany
FNDA:1,insertOne
FNDA:0,updateById
FNDA:1,aggregate
FNF:5
FNH:4
BRDA:48,3,0,1
BRDA:73,7,0,0
BRDA:74,7,1,0
BRDA:78,7,2,0
BRDA:78,7,3,0
BRF:5
BRH:1
DA:3,3
DA:17,1
DA:18,1
DA:19,10
DA:20,10
DA:21,10
DA:22,10
DA:23,10
DA:24,10
DA:25,10
DA:26,10
DA:27,10
DA:28,10
DA:29,10
DA:30,10
DA:31,10
DA:32,10
DA:33,10
DA:34,10
DA:35,10
DA:36,10
DA:37,10
DA:38,10
DA:39,10
DA:40,10
DA:41,10
DA:42,10
DA:43,1
DA:45,1
DA:46,3
DA:48,3
DA:49,4
DA:51,22
DA:52,4
DA:54,3
DA:55,3
DA:57,1
DA:58,2
DA:59,2
DA:61,0
DA:62,0
DA:63,0
DA:65,0
DA:66,0
DA:67,0
DA:69,1
DA:70,2
DA:71,2
DA:73,0
DA:74,0
DA:76,2
DA:78,0
DA:79,0
DA:80,0
DA:82,2
DA:89,2
DA:91,2
DA:92,2
DA:94,2
DA:95,4
DA:96,4
DA:97,4
DA:98,4
DA:99,4
DA:100,4
DA:101,4
DA:102,4
DA:103,4
DA:104,4
DA:106,4
DA:107,4
DA:109,4
DA:110,7
DA:111,7
DA:113,7
DA:114,7
DA:115,7
DA:116,7
DA:117,7
DA:118,7
DA:119,7
DA:120,7
DA:121,4
DA:122,2
DA:124,2
DA:126,2
DA:128,2
DA:129,2
DA:130,1
LH:78
LF:89
end_of_record
SF:C:\Users\AGX\Desktop\AGX\AGX-deno-express\features\__mocks__\UserRepositoryMock.ts
FN:16,<instance_members_initializer>
FN:48,findMany
FN:62,findOne
FN:68,findById
FN:74,insertOne
FN:78,updateById
FN:86,updateOne
FN:111,deleteOne
FN:115,aggregate
FNDA:28,<instance_members_initializer>
FNDA:1,findMany
FNDA:5,findOne
FNDA:7,findById
FNDA:1,insertOne
FNDA:2,updateById
FNDA:4,updateOne
FNDA:1,deleteOne
FNDA:14,aggregate
FNF:9
FNH:9
BRDA:51,2,0,0
BRDA:55,2,1,0
BRDA:63,5,0,1
BRDA:69,7,0,2
BRDA:80,10,0,0
BRDA:90,12,0,0
BRDA:92,12,1,3
BRDA:97,12,2,0
BRDA:103,12,3,1
BRDA:89,13,0,5
BRDA:120,16,0,3
BRDA:122,16,1,3
BRDA:122,16,2,11
BRDA:119,17,0,19
BRF:14
BRH:9
DA:15,4
DA:16,4
DA:17,32
DA:18,32
DA:19,32
DA:20,32
DA:21,32
DA:22,32
DA:23,32
DA:24,32
DA:25,32
DA:26,32
DA:27,32
DA:28,32
DA:29,32
DA:30,32
DA:31,32
DA:32,32
DA:33,32
DA:34,32
DA:35,32
DA:36,32
DA:37,32
DA:38,32
DA:39,32
DA:40,32
DA:41,32
DA:42,32
DA:43,32
DA:44,32
DA:45,32
DA:46,4
DA:48,4
DA:49,5
DA:51,0
DA:52,0
DA:53,0
DA:55,0
DA:56,0
DA:57,0
DA:59,5
DA:60,5
DA:62,4
DA:63,9
DA:65,9
DA:66,9
DA:68,4
DA:69,11
DA:71,11
DA:72,11
DA:74,4
DA:75,5
DA:76,5
DA:78,4
DA:79,6
DA:80,0
DA:82,24
DA:83,6
DA:84,6
DA:86,4
DA:87,8
DA:89,8
DA:90,0
DA:92,8
DA:93,11
DA:94,22
DA:95,11
DA:96,11
DA:97,0
DA:98,11
DA:99,11
DA:100,11
DA:101,11
DA:103,8
DA:104,9
DA:105,9
DA:107,32
DA:108,8
DA:109,8
DA:111,4
DA:112,5
DA:113,5
DA:115,4
DA:116,18
DA:118,18
DA:119,51
DA:120,18
DA:122,60
DA:124,29
DA:125,29
DA:126,29
DA:127,29
DA:128,29
DA:129,29
DA:130,29
DA:132,29
DA:134,29
DA:135,29
DA:136,51
DA:137,51
DA:138,51
DA:139,29
DA:140,29
DA:142,87
DA:143,18
DA:144,4
LH:97
LF:106
end_of_record
SF:C:\Users\AGX\Desktop\AGX\AGX-deno-express\features\accounts\AccountsRules.ts
FN:6,AccountsRules
FN:11,validator
FN:31,validator
FNDA:1,AccountsRules
FNDA:2,validator
FNDA:2,validator
FNF:3
FNH:3
BRF:0
BRH:0
DA:1,1
DA:2,1
DA:3,1
DA:5,1
DA:6,1
DA:7,2
DA:9,2
DA:10,2
DA:11,2
DA:12,2
DA:13,2
DA:14,2
DA:15,2
DA:16,2
DA:17,2
DA:18,2
DA:20,2
DA:21,2
DA:22,2
DA:23,2
DA:25,2
DA:26,2
DA:27,2
DA:28,2
DA:29,2
DA:30,2
DA:31,2
DA:32,2
DA:33,2
DA:34,2
DA:35,2
DA:36,1
LH:32
LF:32
end_of_record
SF:C:\Users\AGX\Desktop\AGX\AGX-deno-express\features\accounts\controller\AccountsController.ts
FN:12,<instance_members_initializer>
FN:17,AccountsController
FN:29,create
FN:45,find
FN:63,increment
FN:87,delete
FNDA:8,<instance_members_initializer>
FNDA:8,AccountsController
FNDA:2,create
FNDA:2,find
FNDA:2,increment
FNDA:2,delete
FNF:6
FNH:6
BRDA:37,3,0,1
BRDA:50,4,0,0
BRDA:55,4,1,1
BRDA:73,5,0,1
BRDA:73,5,1,0
BRDA:79,5,2,1
BRDA:92,6,0,0
BRDA:97,6,1,1
BRF:8
BRH:5
DA:3,1
DA:4,1
DA:5,1
DA:6,1
DA:7,1
DA:9,1
DA:11,1
DA:12,1
DA:13,9
DA:14,9
DA:15,9
DA:17,9
DA:18,9
DA:19,9
DA:20,9
DA:21,9
DA:22,9
DA:23,17
DA:24,17
DA:25,17
DA:26,17
DA:27,17
DA:29,9
DA:30,11
DA:31,11
DA:33,11
DA:34,44
DA:37,33
DA:39,12
DA:40,12
DA:41,12
DA:42,12
DA:43,9
DA:45,9
DA:46,11
DA:47,11
DA:48,44
DA:50,0
DA:52,11
DA:53,11
DA:54,11
DA:55,11
DA:57,36
DA:58,12
DA:59,12
DA:60,12
DA:61,9
DA:63,9
DA:64,11
DA:65,11
DA:66,11
DA:68,11
DA:69,44
DA:70,44
DA:73,0
DA:75,11
DA:76,11
DA:77,11
DA:78,11
DA:79,11
DA:81,12
DA:82,12
DA:83,12
DA:84,12
DA:85,9
DA:87,9
DA:88,11
DA:89,11
DA:90,44
DA:92,0
DA:94,11
DA:95,11
DA:96,11
DA:97,11
DA:99,12
DA:100,12
DA:101,12
DA:102,12
DA:103,1
DA:104,1
LH:77
LF:80
end_of_record
SF:C:\Users\AGX\Desktop\AGX\AGX-deno-express\features\auth\AuthRules.ts
FN:5,AuthRules
FNDA:1,AuthRules
FNF:1
FNH:1
BRF:0
BRH:0
DA:1,1
DA:2,1
DA:4,1
DA:5,1
DA:6,2
DA:8,2
DA:9,2
DA:10,2
DA:11,2
DA:12,2
DA:13,2
DA:14,2
DA:15,2
DA:16,2
DA:17,2
DA:19,2
DA:20,2
DA:21,2
DA:22,2
DA:23,2
DA:24,1
LH:21
LF:21
end_of_record
SF:C:\Users\AGX\Desktop\AGX\AGX-deno-express\features\auth\controllers\AuthController.ts
FN:10,<instance_members_initializer>
FN:13,AuthController
FN:21,authenticate
FNDA:1,<instance_members_initializer>
FNDA:1,AuthController
FNDA:1,authenticate
FNF:3
FNH:3
BRDA:42,3,0,0
BRF:1
BRH:0
DA:3,1
DA:4,1
DA:5,1
DA:7,1
DA:9,1
DA:10,1
DA:11,2
DA:13,2
DA:14,2
DA:15,2
DA:16,2
DA:17,3
DA:18,3
DA:19,3
DA:21,2
DA:22,3
DA:23,3
DA:25,3
DA:26,12
DA:27,12
DA:30,3
DA:31,3
DA:32,3
DA:33,3
DA:35,3
DA:36,3
DA:37,3
DA:38,3
DA:39,3
DA:41,3
DA:42,0
DA:43,0
DA:44,0
DA:45,1
DA:46,1
LH:32
LF:35
end_of_record
SF:C:\Users\AGX\Desktop\AGX\AGX-deno-express\features\transfers\TransfersRules.ts
FN:6,TransfersRules
FN:15,validator
FN:26,validator
FN:37,validator
FN:43,validator
FN:53,validator
FN:59,validator
FN:64,validator
FNDA:1,TransfersRules
FNDA:5,validator
FNDA:5,validator
FNDA:5,validator
FNDA:5,validator
FNDA:3,validator
FNDA:0,validator
FNDA:0,validator
FNF:8
FNH:6
BRF:0
BRH:0
DA:1,1
DA:2,1
DA:3,1
DA:5,1
DA:6,1
DA:7,2
DA:9,2
DA:10,2
DA:11,2
DA:12,2
DA:13,2
DA:14,2
DA:15,2
DA:16,2
DA:17,2
DA:18,2
DA:20,2
DA:21,2
DA:22,2
DA:23,2
DA:24,2
DA:25,2
DA:26,2
DA:27,2
DA:28,2
DA:29,2
DA:31,2
DA:32,2
DA:33,2
DA:34,2
DA:35,2
DA:36,2
DA:37,2
DA:38,2
DA:39,2
DA:40,2
DA:42,2
DA:43,2
DA:44,2
DA:45,2
DA:47,2
DA:48,2
DA:49,2
DA:50,2
DA:51,2
DA:52,2
DA:53,2
DA:54,2
DA:55,2
DA:56,2
DA:58,2
DA:59,0
DA:60,2
DA:61,2
DA:63,2
DA:64,0
DA:65,2
DA:66,2
DA:67,2
DA:68,1
LH:58
LF:60
end_of_record
SF:C:\Users\AGX\Desktop\AGX\AGX-deno-express\features\transfers\controllers\TransferController.ts
FN:16,<instance_members_initializer>
FN:21,TransferController
FN:33,create
FN:65,list
FN:75,findByAccountId
FN:91,spent
FNDA:9,<instance_members_initializer>
FNDA:9,TransferController
FNDA:5,create
FNDA:1,list
FNDA:2,findByAccountId
FNDA:1,spent
FNF:6
FNH:6
BRDA:49,3,0,4
BRDA:49,3,1,0
BRDA:57,3,2,1
BRDA:60,3,3,4
BRDA:70,4,0,0
BRDA:83,5,0,1
BRDA:105,6,0,0
BRDA:112,6,1,0
BRDA:112,6,2,0
BRDA:137,6,3,0
BRF:10
BRH:4
DA:4,1
DA:5,1
DA:7,1
DA:8,1
DA:9,1
DA:10,1
DA:11,1
DA:13,1
DA:15,1
DA:16,1
DA:17,10
DA:18,10
DA:19,10
DA:21,10
DA:22,10
DA:23,10
DA:24,10
DA:25,10
DA:26,10
DA:27,19
DA:28,19
DA:29,19
DA:30,19
DA:31,19
DA:33,10
DA:34,15
DA:35,15
DA:36,15
DA:37,15
DA:38,15
DA:39,15
DA:40,15
DA:42,15
DA:43,60
DA:44,60
DA:45,60
DA:46,60
DA:49,0
DA:51,15
DA:52,15
DA:53,15
DA:54,15
DA:55,15
DA:56,15
DA:57,15
DA:59,16
DA:60,15
DA:61,19
DA:62,19
DA:63,10
DA:65,10
DA:66,11
DA:67,11
DA:69,33
DA:70,0
DA:71,0
DA:72,0
DA:73,10
DA:75,10
DA:76,12
DA:77,12
DA:79,12
DA:80,48
DA:83,36
DA:85,39
DA:86,13
DA:87,13
DA:88,13
DA:89,10
DA:91,10
DA:92,11
DA:93,11
DA:94,11
DA:95,11
DA:97,11
DA:99,11
DA:100,44
DA:101,44
DA:102,44
DA:105,0
DA:106,0
DA:107,0
DA:109,11
DA:110,11
DA:112,0
DA:113,0
DA:115,0
DA:116,0
DA:117,0
DA:118,0
DA:119,0
DA:120,0
DA:121,0
DA:122,0
DA:125,0
DA:126,0
DA:127,0
DA:130,11
DA:131,11
DA:132,11
DA:133,11
DA:134,11
DA:136,11
DA:137,0
DA:138,0
DA:139,0
DA:140,1
DA:141,1
LH:85
LF:108
end_of_record
SF:C:\Users\AGX\Desktop\AGX\AGX-deno-express\features\users\UsersRules.ts
FN:5,UsersRules
FN:23,validator
FN:39,validator
FNDA:1,UsersRules
FNDA:5,validator
FNDA:4,validator
FNF:3
FNH:3
BRF:0
BRH:0
DA:1,1
DA:2,1
DA:4,1
DA:5,1
DA:6,2
DA:8,2
DA:9,2
DA:10,2
DA:11,2
DA:13,2
DA:14,2
DA:15,2
DA:16,2
DA:17,2
DA:18,2
DA:19,2
DA:20,2
DA:21,2
DA:22,2
DA:23,2
DA:24,2
DA:25,2
DA:26,2
DA:28,2
DA:29,2
DA:30,2
DA:31,2
DA:33,2
DA:34,2
DA:35,2
DA:36,2
DA:37,2
DA:38,2
DA:39,2
DA:40,2
DA:41,2
DA:42,2
DA:44,2
DA:45,2
DA:46,2
DA:47,2
DA:49,2
DA:50,2
DA:51,2
DA:52,2
DA:53,2
DA:54,1
LH:47
LF:47
end_of_record
SF:C:\Users\AGX\Desktop\AGX\AGX-deno-express\features\users\controllers\UsersController.ts
FN:13,<instance_members_initializer>
FN:19,UsersController
FN:33,create
FN:62,list
FN:79,findById
FN:95,updateById
FN:136,deleteById
FNDA:10,<instance_members_initializer>
FNDA:10,UsersController
FNDA:2,create
FNDA:2,list
FNDA:2,findById
FNDA:2,updateById
FNDA:2,deleteById
FNF:7
FNH:7
BRDA:54,3,0,1
BRDA:71,4,0,1
BRDA:87,5,0,1
BRDA:118,6,0,0
BRDA:128,6,1,1
BRDA:146,7,0,0
BRDA:148,7,1,1
BRF:7
BRH:5
DA:3,1
DA:4,1
DA:5,1
DA:6,1
DA:7,1
DA:8,1
DA:10,1
DA:12,1
DA:13,1
DA:14,11
DA:15,11
DA:16,11
DA:17,11
DA:19,11
DA:20,11
DA:21,11
DA:22,11
DA:23,11
DA:24,11
DA:25,11
DA:26,21
DA:27,21
DA:28,21
DA:29,21
DA:30,21
DA:31,21
DA:33,11
DA:34,13
DA:35,13
DA:36,13
DA:37,13
DA:38,13
DA:39,13
DA:40,13
DA:42,13
DA:43,52
DA:44,52
DA:45,52
DA:46,52
DA:49,13
DA:50,13
DA:51,13
DA:52,13
DA:53,13
DA:54,13
DA:56,14
DA:57,14
DA:58,14
DA:59,14
DA:60,11
DA:62,11
DA:63,13
DA:64,13
DA:66,13
DA:67,52
DA:68,52
DA:71,52
DA:73,42
DA:74,14
DA:75,14
DA:76,14
DA:77,11
DA:79,11
DA:80,13
DA:81,13
DA:83,13
DA:84,52
DA:87,13
DA:89,42
DA:90,14
DA:91,14
DA:92,14
DA:93,11
DA:95,11
DA:96,13
DA:97,13
DA:99,13
DA:100,13
DA:101,13
DA:102,13
DA:103,13
DA:104,13
DA:105,13
DA:107,13
DA:108,52
DA:109,52
DA:110,52
DA:111,52
DA:112,52
DA:113,52
DA:116,13
DA:118,0
DA:120,13
DA:121,13
DA:122,13
DA:123,13
DA:124,13
DA:125,13
DA:126,13
DA:127,13
DA:128,13
DA:130,14
DA:131,14
DA:132,14
DA:133,14
DA:134,11
DA:136,11
DA:137,13
DA:138,13
DA:140,13
DA:141,52
DA:144,13
DA:146,0
DA:148,52
DA:150,14
DA:151,14
DA:152,14
DA:153,14
DA:154,1
DA:155,1
LH:118
LF:120
end_of_record
SF:C:\Users\AGX\Desktop\AGX\AGX-deno-express\globals\Stubs.ts
FN:7,send_accepted
FN:14,send_badGateway
FN:21,send_badRequest
FN:28,send_conflict
FN:35,send_continue
FN:42,send_created
FN:49,send_expectationFailed
FN:56,send_failedDependency
FN:63,send_forbidden
FN:70,send_gatewayTimeout
FN:77,send_gone
FN:84,send_httpVersionNotSupported
FN:91,send_imATeapot
FN:98,send_insufficientSpaceOnResource
FN:105,send_insufficientStorage
FN:112,send_internalServerError
FN:119,send_lengthRequired
FN:126,send_locked
FN:133,send_methodFailure
FN:140,send_methodNotAllowed
FN:147,send_movedPermanently
FN:154,send_movedTemporarily
FN:161,send_multiStatus
FN:168,send_multipleChoices
FN:175,send_networkAuthenticationRequired
FN:182,send_noContent
FN:189,send_nonAuthoritativeInformation
FN:196,send_notAcceptable
FN:203,send_notFound
FN:210,send_notImplemented
FN:217,send_notModified
FN:224,send_ok
FN:231,send_partialContent
FN:238,send_paymentRequired
FN:245,send_permanentRedirect
FN:252,send_preconditionFailed
FN:259,send_preconditionRequired
FN:266,send_processing
FN:273,send_proxyAuthenticationRequired
FN:280,send_requestHeaderFieldsTooLarge
FN:287,send_requestTimeout
FN:294,send_requestTooLong
FN:301,send_requestUriTooLong
FN:308,send_requestedRangeNotSatisfiable
FN:315,send_resetContent
FN:322,send_seeOther
FN:329,send_serviceUnavailable
FN:336,send_switchingProtocols
FN:343,send_temporaryRedirect
FN:350,send_tooManyRequests
FN:357,send_unauthorized
FN:364,send_unprocessableEntity
FN:371,send_unsupportedMediaType
FN:378,send_useProxy
FN:386,cookie
FN:394,startSession
FN:406,MockNextFunction
FNDA:0,send_accepted
FNDA:0,send_badGateway
FNDA:0,send_badRequest
FNDA:0,send_conflict
FNDA:0,send_continue
FNDA:3,send_created
FNDA:0,send_expectationFailed
FNDA:0,send_failedDependency
FNDA:0,send_forbidden
FNDA:0,send_gatewayTimeout
FNDA:0,send_gone
FNDA:0,send_httpVersionNotSupported
FNDA:0,send_imATeapot
FNDA:0,send_insufficientSpaceOnResource
FNDA:0,send_insufficientStorage
FNDA:0,send_internalServerError
FNDA:0,send_lengthRequired
FNDA:0,send_locked
FNDA:0,send_methodFailure
FNDA:0,send_methodNotAllowed
FNDA:0,send_movedPermanently
FNDA:0,send_movedTemporarily
FNDA:0,send_multiStatus
FNDA:0,send_multipleChoices
FNDA:0,send_networkAuthenticationRequired
FNDA:0,send_noContent
FNDA:0,send_nonAuthoritativeInformation
FNDA:0,send_notAcceptable
FNDA:0,send_notFound
FNDA:0,send_notImplemented
FNDA:0,send_notModified
FNDA:11,send_ok
FNDA:0,send_partialContent
FNDA:0,send_paymentRequired
FNDA:0,send_permanentRedirect
FNDA:0,send_preconditionFailed
FNDA:0,send_preconditionRequired
FNDA:0,send_processing
FNDA:0,send_proxyAuthenticationRequired
FNDA:0,send_requestHeaderFieldsTooLarge
FNDA:0,send_requestTimeout
FNDA:0,send_requestTooLong
FNDA:0,send_requestUriTooLong
FNDA:0,send_requestedRangeNotSatisfiable
FNDA:0,send_resetContent
FNDA:0,send_seeOther
FNDA:0,send_serviceUnavailable
FNDA:0,send_switchingProtocols
FNDA:0,send_temporaryRedirect
FNDA:0,send_tooManyRequests
FNDA:0,send_unauthorized
FNDA:0,send_unprocessableEntity
FNDA:0,send_unsupportedMediaType
FNDA:0,send_useProxy
FNDA:1,cookie
FNDA:0,startSession
FNDA:14,MockNextFunction
FNF:57
FNH:4
BRF:0
BRH:0
DA:1,4
DA:2,4
DA:6,4
DA:7,0
DA:8,0
DA:9,0
DA:10,0
DA:11,0
DA:12,0
DA:13,0
DA:14,0
DA:15,0
DA:16,0
DA:17,0
DA:18,0
DA:19,0
DA:20,0
DA:21,0
DA:22,0
DA:23,0
DA:24,0
DA:25,0
DA:26,0
DA:27,0
DA:28,0
DA:29,0
DA:30,0
DA:31,0
DA:32,0
DA:33,0
DA:34,0
DA:35,0
DA:36,0
DA:37,0
DA:38,0
DA:39,0
DA:40,0
DA:41,0
DA:42,4
DA:43,7
DA:44,7
DA:45,7
DA:46,7
DA:47,7
DA:48,4
DA:49,0
DA:50,0
DA:51,0
DA:52,0
DA:53,0
DA:54,0
DA:55,0
DA:56,0
DA:57,0
DA:58,0
DA:59,0
DA:60,0
DA:61,0
DA:62,0
DA:63,0
DA:64,0
DA:65,0
DA:66,0
DA:67,0
DA:68,0
DA:69,0
DA:70,0
DA:71,0
DA:72,0
DA:73,0
DA:74,0
DA:75,0
DA:76,0
DA:77,0
DA:78,0
DA:79,0
DA:80,0
DA:81,0
DA:82,0
DA:83,0
DA:84,0
DA:85,0
DA:86,0
DA:87,0
DA:88,0
DA:89,0
DA:90,0
DA:91,0
DA:92,0
DA:93,0
DA:94,0
DA:95,0
DA:96,0
DA:97,0
DA:98,0
DA:99,0
DA:100,0
DA:101,0
DA:102,0
DA:103,0
DA:104,0
DA:105,0
DA:106,0
DA:107,0
DA:108,0
DA:109,0
DA:110,0
DA:111,0
DA:112,0
DA:113,0
DA:114,0
DA:115,0
DA:116,0
DA:117,0
DA:118,0
DA:119,0
DA:120,0
DA:121,0
DA:122,0
DA:123,0
DA:124,0
DA:125,0
DA:126,0
DA:127,0
DA:128,0
DA:129,0
DA:130,0
DA:131,0
DA:132,0
DA:133,0
DA:134,0
DA:135,0
DA:136,0
DA:137,0
DA:138,0
DA:139,0
DA:140,0
DA:141,0
DA:142,0
DA:143,0
DA:144,0
DA:145,0
DA:146,0
DA:147,0
DA:148,0
DA:149,0
DA:150,0
DA:151,0
DA:152,0
DA:153,0
DA:154,0
DA:155,0
DA:156,0
DA:157,0
DA:158,0
DA:159,0
DA:160,0
DA:161,0
DA:162,0
DA:163,0
DA:164,0
DA:165,0
DA:166,0
DA:167,0
DA:168,0
DA:169,0
DA:170,0
DA:171,0
DA:172,0
DA:173,0
DA:174,0
DA:175,0
DA:176,0
DA:177,0
DA:178,0
DA:179,0
DA:180,0
DA:181,0
DA:182,0
DA:183,0
DA:184,0
DA:185,0
DA:186,0
DA:187,0
DA:188,0
DA:189,0
DA:190,0
DA:191,0
DA:192,0
DA:193,0
DA:194,0
DA:195,0
DA:196,0
DA:197,0
DA:198,0
DA:199,0
DA:200,0
DA:201,0
DA:202,0
DA:203,0
DA:204,0
DA:205,0
DA:206,0
DA:207,0
DA:208,0
DA:209,0
DA:210,0
DA:211,0
DA:212,0
DA:213,0
DA:214,0
DA:215,0
DA:216,0
DA:217,0
DA:218,0
DA:219,0
DA:220,0
DA:221,0
DA:222,0
DA:223,0
DA:224,4
DA:225,15
DA:226,15
DA:227,15
DA:228,15
DA:229,15
DA:230,4
DA:231,0
DA:232,0
DA:233,0
DA:234,0
DA:235,0
DA:236,0
DA:237,0
DA:238,0
DA:239,0
DA:240,0
DA:241,0
DA:242,0
DA:243,0
DA:244,0
DA:245,0
DA:246,0
DA:247,0
DA:248,0
DA:249,0
DA:250,0
DA:251,0
DA:252,0
DA:253,0
DA:254,0
DA:255,0
DA:256,0
DA:257,0
DA:258,0
DA:259,0
DA:260,0
DA:261,0
DA:262,0
DA:263,0
DA:264,0
DA:265,0
DA:266,0
DA:267,0
DA:268,0
DA:269,0
DA:270,0
DA:271,0
DA:272,0
DA:273,0
DA:274,0
DA:275,0
DA:276,0
DA:277,0
DA:278,0
DA:279,0
DA:280,0
DA:281,0
DA:282,0
DA:283,0
DA:284,0
DA:285,0
DA:286,0
DA:287,0
DA:288,0
DA:289,0
DA:290,0
DA:291,0
DA:292,0
DA:293,0
DA:294,0
DA:295,0
DA:296,0
DA:297,0
DA:298,0
DA:299,0
DA:300,0
DA:301,0
DA:302,0
DA:303,0
DA:304,0
DA:305,0
DA:306,0
DA:307,0
DA:308,0
DA:309,0
DA:310,0
DA:311,0
DA:312,0
DA:313,0
DA:314,0
DA:315,0
DA:316,0
DA:317,0
DA:318,0
DA:319,0
DA:320,0
DA:321,0
DA:322,0
DA:323,0
DA:324,0
DA:325,0
DA:326,0
DA:327,0
DA:328,0
DA:329,0
DA:330,0
DA:331,0
DA:332,0
DA:333,0
DA:334,0
DA:335,0
DA:336,0
DA:337,0
DA:338,0
DA:339,0
DA:340,0
DA:341,0
DA:342,0
DA:343,0
DA:344,0
DA:345,0
DA:346,0
DA:347,0
DA:348,0
DA:349,0
DA:350,0
DA:351,0
DA:352,0
DA:353,0
DA:354,0
DA:355,0
DA:356,0
DA:357,0
DA:358,0
DA:359,0
DA:360,0
DA:361,0
DA:362,0
DA:363,0
DA:364,0
DA:365,0
DA:366,0
DA:367,0
DA:368,0
DA:369,0
DA:370,0
DA:371,0
DA:372,0
DA:373,0
DA:374,0
DA:375,0
DA:376,0
DA:377,0
DA:378,0
DA:379,0
DA:380,0
DA:381,0
DA:382,0
DA:383,0
DA:384,0
DA:385,4
DA:386,4
DA:387,5
DA:389,5
DA:390,5
DA:391,4
DA:393,4
DA:394,0
DA:395,0
DA:396,0
DA:397,0
DA:398,0
DA:399,0
DA:400,0
DA:401,4
DA:404,4
DA:406,4
DA:408,18
DA:409,4
LH:29
LF:400
end_of_record
SF:C:\Users\AGX\Desktop\AGX\AGX-deno-express\globals\Throwlhos.ts
FNF:0
FNH:0
BRF:0
BRH:0
DA:1,4
DA:3,4
LH:2
LF:2
end_of_record
SF:C:\Users\AGX\Desktop\AGX\AGX-deno-express\lib\Encrypter.ts
FN:5,encrypt
FN:9,compare
FNDA:0,encrypt
FNDA:0,compare
FNF:2
FNH:0
BRF:0
BRH:0
DA:1,2
DA:4,2
DA:5,0
DA:6,0
DA:7,0
DA:9,0
DA:10,0
DA:11,0
DA:12,2
LH:3
LF:9
end_of_record
SF:C:\Users\AGX\Desktop\AGX\AGX-deno-express\lib\Jwt.ts
FN:6,<instance_members_initializer>
FN:8,JWT
FN:13,validate
FN:19,sign
FN:25,verify
FN:29,decode
FNDA:0,<instance_members_initializer>
FNDA:0,JWT
FNDA:0,validate
FNDA:0,sign
FNDA:0,verify
FNDA:0,decode
FNF:6
FNH:0
BRF:0
BRH:0
DA:1,1
DA:2,1
DA:5,1
DA:6,0
DA:8,0
DA:9,0
DA:10,0
DA:11,0
DA:13,0
DA:14,0
DA:16,0
DA:17,0
DA:19,0
DA:20,0
DA:22,0
DA:23,0
DA:25,0
DA:26,0
DA:27,0
DA:29,0
DA:30,0
DA:31,0
DA:33,0
DA:34,0
DA:35,1
LH:4
LF:25
end_of_record
SF:C:\Users\AGX\Desktop\AGX\AGX-deno-express\models\transfers\Transfer.ts
FN:16,<instance_members_initializer>
FN:21,Transfer
FN:32,transferSchemaClass
FN:52,validator
FNDA:0,<instance_members_initializer>
FNDA:0,Transfer
FNDA:1,transferSchemaClass
FNDA:0,validator
FNF:4
FNH:1
BRF:0
BRH:0
DA:1,1
DA:3,3
DA:15,1
DA:16,0
DA:17,0
DA:18,0
DA:19,0
DA:21,0
DA:22,0
DA:23,0
DA:24,0
DA:25,0
DA:26,0
DA:27,0
DA:28,0
DA:29,1
DA:31,1
DA:32,1
DA:33,2
DA:34,2
DA:35,2
DA:36,2
DA:37,2
DA:38,2
DA:39,2
DA:40,2
DA:41,2
DA:42,2
DA:43,2
DA:44,2
DA:45,2
DA:46,2
DA:47,2
DA:48,2
DA:49,2
DA:50,2
DA:51,2
DA:52,0
DA:53,2
DA:54,2
DA:55,2
DA:56,2
DA:57,2
DA:58,1
DA:60,1
DA:62,1
DA:64,1
LH:34
LF:47
end_of_record
SF:C:\Users\AGX\Desktop\AGX\AGX-deno-express\models\transfers\TransferRepository.ts
FN:8,TransferRepository
FNDA:0,TransferRepository
FNF:1
FNH:0
BRF:0
BRH:0
DA:3,1
DA:4,1
DA:5,1
DA:7,1
DA:8,0
DA:9,0
DA:10,0
DA:11,0
DA:12,0
DA:13,0
DA:14,0
DA:15,0
DA:16,1
DA:18,1
LH:6
LF:14
end_of_record
SF:C:\Users\AGX\Desktop\AGX\AGX-deno-express\models\user\User.ts
FN:16,<instance_members_initializer>
FN:22,User
FN:32,UserSchemaClass
FN:57,validator
FNDA:0,<instance_members_initializer>
FNDA:0,User
FNDA:4,UserSchemaClass
FNDA:0,validator
FNF:4
FNH:1
BRF:0
BRH:0
DA:1,4
DA:2,4
DA:15,4
DA:16,0
DA:17,0
DA:18,0
DA:19,0
DA:20,0
DA:22,0
DA:23,0
DA:24,0
DA:25,0
DA:26,0
DA:27,0
DA:28,0
DA:29,4
DA:31,4
DA:32,4
DA:33,8
DA:34,8
DA:35,8
DA:36,8
DA:37,8
DA:38,8
DA:39,8
DA:40,8
DA:41,8
DA:42,8
DA:43,8
DA:44,8
DA:45,8
DA:46,8
DA:47,8
DA:48,8
DA:49,8
DA:50,8
DA:51,8
DA:52,8
DA:53,8
DA:54,8
DA:55,8
DA:56,8
DA:57,0
DA:58,8
DA:59,8
DA:60,8
DA:61,8
DA:62,8
DA:63,8
DA:64,8
DA:65,8
DA:66,8
DA:67,8
DA:68,8
DA:69,8
DA:70,8
DA:71,8
DA:72,8
DA:73,8
DA:74,8
DA:76,8
DA:77,4
DA:79,4
DA:81,0
DA:82,0
DA:83,0
DA:84,0
DA:85,0
DA:86,0
DA:87,0
DA:88,0
DA:90,1
DA:91,4
DA:93,4
LH:53
LF:74
end_of_record
SF:C:\Users\AGX\Desktop\AGX\AGX-deno-express\models\user\UserRepository.ts
FN:8,UserRepository
FNDA:0,UserRepository
FNF:1
FNH:0
BRF:0
BRH:0
DA:3,4
DA:4,4
DA:5,4
DA:7,4
DA:8,0
DA:9,0
DA:10,0
DA:11,0
DA:12,0
DA:13,0
DA:14,0
DA:15,0
DA:16,4
DA:18,4
LH:6
LF:14
end_of_record
SF:C:\Users\AGX\Desktop\AGX\AGX-deno-express\services\AuthenticateService.ts
FN:17,<instance_members_initializer>
FN:20,AuthenticateService
FN:28,execute
FNDA:1,<instance_members_initializer>
FNDA:1,AuthenticateService
FNDA:1,execute
FNF:3
FNH:3
BRDA:34,3,0,0
BRDA:38,3,1,0
BRF:2
BRH:0
DA:1,1
DA:2,1
DA:3,1
DA:14,1
DA:16,1
DA:17,1
DA:18,1
DA:20,1
DA:21,1
DA:22,1
DA:23,1
DA:24,2
DA:25,2
DA:26,2
DA:28,1
DA:29,1
DA:30,1
DA:31,1
DA:32,6
DA:34,0
DA:36,2
DA:38,0
DA:40,2
DA:41,2
DA:42,2
DA:43,2
DA:44,1
LH:25
LF:27
end_of_record
SF:C:\Users\AGX\Desktop\AGX\AGX-deno-express\services\BankAccountResumeService.ts
FN:12,<instance_members_initializer>
FN:15,BankAccountResumeService
FN:23,execute
FNDA:9,<instance_members_initializer>
FNDA:9,BankAccountResumeService
FNDA:1,execute
FNF:3
FNH:3
BRDA:34,3,0,0
BRDA:40,3,1,0
BRDA:40,3,2,0
BRF:3
BRH:0
DA:1,1
DA:2,1
DA:3,1
DA:11,1
DA:12,1
DA:13,1
DA:15,1
DA:16,1
DA:17,1
DA:18,1
DA:19,10
DA:20,10
DA:21,10
DA:23,1
DA:24,2
DA:25,10
DA:26,2
DA:27,2
DA:28,2
DA:29,2
DA:30,2
DA:31,2
DA:32,2
DA:34,0
DA:36,2
DA:37,10
DA:38,2
DA:40,0
DA:41,0
DA:42,0
DA:43,0
DA:44,0
DA:45,0
DA:46,0
DA:47,0
DA:48,0
DA:49,0
DA:51,0
DA:53,2
DA:54,2
DA:55,2
DA:56,2
DA:57,2
DA:58,2
DA:59,2
DA:60,2
DA:61,2
DA:62,2
DA:63,2
DA:64,2
DA:65,2
DA:66,2
DA:67,2
DA:68,6
DA:69,6
DA:70,2
DA:71,2
DA:72,2
DA:73,2
DA:74,2
DA:75,2
DA:76,2
DA:77,2
DA:78,2
DA:79,2
DA:80,2
DA:81,2
DA:82,2
DA:83,2
DA:85,2
DA:86,2
DA:87,2
DA:88,2
DA:89,1
LH:62
LF:74
end_of_record
SF:C:\Users\AGX\Desktop\AGX\AGX-deno-express\services\CreateTransferService.ts
FN:16,<instance_members_initializer>
FN:19,CreateTransferService
FN:27,execute
FNDA:0,<instance_members_initializer>
FNDA:0,CreateTransferService
FNDA:0,execute
FNF:3
FNH:0
BRF:0
BRH:0
DA:1,1
DA:2,1
DA:3,1
DA:5,1
DA:15,1
DA:16,0
DA:17,0
DA:19,0
DA:20,0
DA:21,0
DA:22,0
DA:23,0
DA:24,0
DA:25,0
DA:27,0
DA:28,0
DA:29,0
DA:30,0
DA:31,0
DA:32,0
DA:33,0
DA:34,0
DA:35,0
DA:36,0
DA:37,0
DA:38,0
DA:39,0
DA:40,0
DA:41,0
DA:43,0
DA:44,0
DA:45,0
DA:46,0
DA:47,0
DA:48,0
DA:49,0
DA:50,0
DA:51,0
DA:53,0
DA:54,0
DA:55,0
DA:56,0
DA:57,0
DA:58,0
DA:59,0
DA:61,0
DA:63,0
DA:65,0
DA:66,0
DA:68,0
DA:70,0
DA:72,0
DA:73,0
DA:75,0
DA:76,0
DA:77,0
DA:78,0
DA:79,0
DA:80,0
DA:82,0
DA:83,0
DA:84,0
DA:86,0
DA:87,0
DA:88,0
DA:89,0
DA:90,0
DA:91,0
DA:92,0
DA:94,0
DA:95,0
DA:96,0
DA:97,0
DA:98,0
DA:99,0
DA:100,0
DA:101,0
DA:102,1
LH:6
LF:78
end_of_record
SF:C:\Users\AGX\Desktop\AGX\AGX-deno-express\services\CreateUserBankAccountService.ts
FN:10,<instance_members_initializer>
FN:12,CreateUserBankAccountService
FN:18,execute
FNDA:8,<instance_members_initializer>
FNDA:8,CreateUserBankAccountService
FNDA:2,execute
FNF:3
FNH:3
BRDA:25,3,0,1
BRDA:27,3,1,0
BRDA:27,3,2,0
BRDA:27,3,3,1
BRF:4
BRH:2
DA:1,1
DA:2,1
DA:3,1
DA:9,1
DA:10,1
DA:12,1
DA:13,1
DA:14,1
DA:15,9
DA:16,9
DA:18,1
DA:19,1
DA:20,1
DA:21,3
DA:23,3
DA:25,3
DA:27,0
DA:29,4
DA:30,4
DA:31,4
DA:32,4
DA:33,4
DA:34,4
DA:35,3
DA:36,1
LH:24
LF:25
end_of_record
SF:C:\Users\AGX\Desktop\AGX\AGX-deno-express\services\CreateUserService.ts
FN:14,<instance_members_initializer>
FN:17,CreateUserService
FN:25,execute
FNDA:10,<instance_members_initializer>
FNDA:10,CreateUserService
FNDA:2,execute
FNF:3
FNH:3
BRDA:33,3,0,1
BRF:1
BRH:1
DA:1,1
DA:3,1
DA:4,1
DA:13,1
DA:14,1
DA:15,1
DA:17,1
DA:18,1
DA:19,1
DA:20,1
DA:21,11
DA:22,11
DA:23,11
DA:25,1
DA:26,1
DA:27,1
DA:28,1
DA:29,1
DA:30,1
DA:31,9
DA:33,3
DA:35,4
DA:37,4
DA:38,4
DA:39,4
DA:40,4
DA:41,4
DA:42,4
DA:43,3
DA:44,1
LH:30
LF:30
end_of_record
SF:C:\Users\AGX\Desktop\AGX\AGX-deno-express\services\DeleteBankAccountByAccountId.ts
FN:10,<instance_members_initializer>
FN:12,DeleteBankAccountByAccountId
FN:18,execute
FNDA:8,<instance_members_initializer>
FNDA:8,DeleteBankAccountByAccountId
FNDA:2,execute
FNF:3
FNH:3
BRDA:28,3,0,0
BRDA:30,3,1,1
BRF:2
BRH:1
DA:1,1
DA:2,1
DA:9,1
DA:10,1
DA:12,1
DA:13,1
DA:14,1
DA:15,9
DA:16,9
DA:18,1
DA:19,3
DA:20,15
DA:21,3
DA:22,3
DA:23,3
DA:24,3
DA:25,3
DA:26,3
DA:28,0
DA:30,3
DA:32,4
DA:33,4
DA:34,4
DA:35,4
DA:36,4
DA:37,4
DA:38,4
DA:39,3
DA:40,1
LH:28
LF:29
end_of_record
SF:C:\Users\AGX\Desktop\AGX\AGX-deno-express\services\DeleteUserByIdService.ts
FN:10,<instance_members_initializer>
FN:12,DeleteUserByIdService
FN:18,execute
FNDA:10,<instance_members_initializer>
FNDA:10,DeleteUserByIdService
FNDA:2,execute
FNF:3
FNH:3
BRDA:19,3,0,1
BRDA:23,3,1,0
BRDA:23,3,2,1
BRF:3
BRH:2
DA:1,1
DA:2,1
DA:9,1
DA:10,1
DA:12,1
DA:13,1
DA:14,1
DA:15,11
DA:16,11
DA:18,1
DA:19,3
DA:21,4
DA:23,0
DA:25,4
DA:26,3
DA:27,1
LH:15
LF:16
end_of_record
SF:C:\Users\AGX\Desktop\AGX\AGX-deno-express\services\FetchTransfersService.ts
FN:9,<instance_members_initializer>
FN:11,FetchTransfersService
FN:17,execute
FNDA:9,<instance_members_initializer>
FNDA:9,FetchTransfersService
FNDA:1,execute
FNF:3
FNH:3
BRDA:18,3,0,0
BRF:1
BRH:0
DA:2,1
DA:8,1
DA:9,1
DA:11,1
DA:12,1
DA:13,1
DA:14,10
DA:15,10
DA:17,1
DA:18,0
DA:20,2
DA:21,2
DA:22,2
DA:23,2
DA:24,1
LH:14
LF:15
end_of_record
SF:C:\Users\AGX\Desktop\AGX\AGX-deno-express\services\FetchUsersService.ts
FN:19,<instance_members_initializer>
FN:21,FetchUsersService
FN:25,execute
FNDA:10,<instance_members_initializer>
FNDA:10,FetchUsersService
FNDA:1,execute
FNF:3
FNH:3
BRDA:31,3,0,0
BRDA:32,3,1,0
BRDA:36,3,2,0
BRF:3
BRH:0
DA:1,1
DA:18,1
DA:19,1
DA:21,1
DA:22,11
DA:23,11
DA:25,1
DA:26,1
DA:27,1
DA:28,1
DA:29,2
DA:31,0
DA:32,0
DA:34,2
DA:36,0
DA:37,2
DA:38,1
LH:14
LF:17
end_of_record
SF:C:\Users\AGX\Desktop\AGX\AGX-deno-express\services\FindTransfersByAccountId.ts
FN:13,<instance_members_initializer>
FN:15,FindTransfersByAccountId
FN:21,execute
FNDA:9,<instance_members_initializer>
FNDA:9,FindTransfersByAccountId
FNDA:1,execute
FNF:3
FNH:3
BRDA:29,3,0,0
BRF:1
BRH:0
DA:2,1
DA:12,1
DA:13,1
DA:15,1
DA:16,1
DA:17,1
DA:18,10
DA:19,10
DA:21,1
DA:22,1
DA:23,1
DA:24,2
DA:25,2
DA:26,6
DA:27,6
DA:29,0
DA:31,2
DA:32,2
DA:33,2
DA:34,2
DA:35,1
LH:20
LF:21
end_of_record
SF:C:\Users\AGX\Desktop\AGX\AGX-deno-express\services\FindUserBankAccountService.ts
FN:15,<instance_members_initializer>
FN:17,FindUserBankAccountService
FN:23,execute
FNDA:8,<instance_members_initializer>
FNDA:8,FindUserBankAccountService
FNDA:2,execute
FNF:3
FNH:3
BRDA:33,3,0,1
BRDA:35,3,1,0
BRDA:35,3,2,1
BRF:3
BRH:2
DA:2,1
DA:3,1
DA:14,1
DA:15,1
DA:17,1
DA:18,1
DA:19,1
DA:20,9
DA:21,9
DA:23,1
DA:24,3
DA:25,15
DA:26,3
DA:27,3
DA:28,3
DA:29,3
DA:30,3
DA:31,3
DA:33,3
DA:35,0
DA:37,4
DA:38,4
DA:39,4
DA:40,3
DA:41,1
LH:24
LF:25
end_of_record
SF:C:\Users\AGX\Desktop\AGX\AGX-deno-express\services\FindUserByIdService.ts
FN:5,<instance_members_initializer>
FN:7,FindUserByIdService
FN:13,execute
FNDA:10,<instance_members_initializer>
FNDA:10,FindUserByIdService
FNDA:2,execute
FNF:3
FNH:3
BRDA:16,3,0,1
BRF:1
BRH:1
DA:1,1
DA:2,1
DA:4,1
DA:5,1
DA:7,1
DA:8,1
DA:9,1
DA:10,11
DA:11,11
DA:13,1
DA:14,3
DA:16,3
DA:18,4
DA:19,3
DA:20,1
LH:15
LF:15
end_of_record
SF:C:\Users\AGX\Desktop\AGX\AGX-deno-express\services\IncrementUserBankAccountBalanceService.ts
FN:11,<instance_members_initializer>
FN:13,IncrementUserBankAccountBalanceService
FN:19,execute
FNDA:8,<instance_members_initializer>
FNDA:8,IncrementUserBankAccountBalanceService
FNDA:1,execute
FNF:3
FNH:3
BRDA:29,3,0,0
BRDA:31,3,1,0
BRF:2
BRH:0
DA:1,1
DA:2,1
DA:10,1
DA:11,1
DA:13,1
DA:14,1
DA:15,1
DA:16,9
DA:17,9
DA:19,1
DA:20,2
DA:21,10
DA:22,2
DA:23,2
DA:24,2
DA:25,2
DA:26,2
DA:27,2
DA:29,0
DA:31,0
DA:33,2
DA:34,6
DA:35,10
DA:37,2
DA:38,1
LH:23
LF:25
end_of_record
SF:C:\Users\AGX\Desktop\AGX\AGX-deno-express\services\UpdateUserByIdService.ts
FN:17,<instance_members_initializer>
FN:20,UpdateUserByIdService
FN:28,execute
FNDA:10,<instance_members_initializer>
FNDA:10,UpdateUserByIdService
FNDA:2,execute
FNF:3
FNH:3
BRDA:37,3,0,0
BRDA:41,3,1,0
BRDA:45,3,2,0
BRDA:49,3,3,1
BRDA:55,3,4,0
BRDA:57,3,5,1
BRF:6
BRH:2
DA:1,1
DA:3,1
DA:4,1
DA:16,1
DA:17,1
DA:18,1
DA:20,1
DA:21,1
DA:22,1
DA:23,1
DA:24,11
DA:25,11
DA:26,11
DA:28,1
DA:29,1
DA:30,1
DA:31,1
DA:32,1
DA:33,1
DA:34,1
DA:35,1
DA:36,1
DA:37,0
DA:39,3
DA:41,0
DA:43,3
DA:45,0
DA:47,9
DA:49,3
DA:50,4
DA:51,4
DA:53,4
DA:55,0
DA:56,0
DA:57,0
DA:59,4
DA:60,4
DA:61,4
DA:62,4
DA:63,4
DA:64,4
DA:65,3
DA:66,1
LH:37
LF:43
end_of_record
SF:C:\Users\AGX\Desktop\AGX\AGX-deno-express\utils\GenerateAccountId.ts
FN:1,generateAccountId
FNDA:2,generateAccountId
FNF:1
FNH:1
BRDA:5,1,0,4
BRF:1
BRH:1
DA:1,4
DA:2,6
DA:3,6
DA:5,6
DA:6,10
DA:7,10
DA:8,10
DA:10,6
DA:11,6
DA:12,6
DA:14,6
DA:15,4
LH:12
LF:12
end_of_record
